<?xml version="1.0" encoding="UTF-8"?>
<!-- Generated by org.testng.reporters.JUnitXMLReporter -->
<testsuite ignored="1" hostname="LAPTOP-HM27NJ2J" failures="0" tests="2" name="Default test" time="0.065" errors="0" timestamp="2024-02-27T12:47:59 IST">
  <testcase classname="TestNG.EnableFalse" name="testcase2" time="0.011"/>
  <testcase classname="TestNG.EnableFalse" name="testcase3" time="0.001"/>
  <testcase classname="TestNG.EnableFalse" name="testcase1" time="0.0">
    <ignored/>
  </testcase> <!-- testcase1 -->
</testsuite> <!-- Default test -->
