<?xml version="1.0" encoding="UTF-8"?>
<!-- Generated by org.testng.reporters.JUnitXMLReporter -->
<testsuite ignored="1" hostname="LAPTOP-HM27NJ2J" failures="0" tests="8" name="Test" time="0.04" errors="0" timestamp="2024-02-28T11:03:02 IST">
  <testcase classname="TestNG.Priority" name="testcase1" time="0.003"/>
  <testcase classname="TestNG.Priority" name="testcase3" time="0.001"/>
  <testcase classname="TestNG.Priority" name="testcase2" time="0.0"/>
  <testcase classname="TestNG.DependOnMethodEg" name="testcase1" time="0.0"/>
  <testcase classname="TestNG.DependOnMethodEg" name="testcase2" time="0.0"/>
  <testcase classname="TestNG.DependOnMethodEg" name="testcase3" time="0.0"/>
  <testcase classname="TestNG.EnableFalse" name="testcase2" time="0.001"/>
  <testcase classname="TestNG.EnableFalse" name="testcase3" time="0.001"/>
  <testcase classname="TestNG.EnableFalse" name="testcase1" time="0.0">
    <ignored/>
  </testcase> <!-- testcase1 -->
</testsuite> <!-- Test -->
