<?xml version="1.0" encoding="UTF-8"?>
<testng-results ignored="1" total="9" passed="8" failed="0" skipped="0">
  <reporter-output>
  </reporter-output>
  <suite started-at="2024-02-28T11:03:02 IST" name="Suite" finished-at="2024-02-28T11:03:02 IST" duration-ms="40">
    <groups>
    </groups>
    <test started-at="2024-02-28T11:03:02 IST" name="Test" finished-at="2024-02-28T11:03:02 IST" duration-ms="40">
      <class name="TestNG.Priority">
        <test-method signature="testcase1()[pri:0, instance:TestNG.Priority@2f8dad04]" started-at="2024-02-28T11:03:02 IST" name="testcase1" finished-at="2024-02-28T11:03:02 IST" duration-ms="3" status="PASS">
          <reporter-output>
          </reporter-output>
        </test-method> <!-- testcase1 -->
        <test-method signature="testcase3()[pri:1, instance:TestNG.Priority@2f8dad04]" started-at="2024-02-28T11:03:02 IST" name="testcase3" finished-at="2024-02-28T11:03:02 IST" duration-ms="1" status="PASS">
          <reporter-output>
          </reporter-output>
        </test-method> <!-- testcase3 -->
        <test-method signature="testcase2()[pri:2, instance:TestNG.Priority@2f8dad04]" started-at="2024-02-28T11:03:02 IST" name="testcase2" finished-at="2024-02-28T11:03:02 IST" duration-ms="0" status="PASS">
          <reporter-output>
          </reporter-output>
        </test-method> <!-- testcase2 -->
      </class> <!-- TestNG.Priority -->
      <class name="TestNG.DependOnMethodEg">
        <test-method signature="testcase1()[pri:0, instance:TestNG.DependOnMethodEg@649bec2e]" started-at="2024-02-28T11:03:02 IST" name="testcase1" finished-at="2024-02-28T11:03:02 IST" duration-ms="0" status="PASS">
          <reporter-output>
          </reporter-output>
        </test-method> <!-- testcase1 -->
        <test-method signature="testcase2()[pri:0, instance:TestNG.DependOnMethodEg@649bec2e]" started-at="2024-02-28T11:03:02 IST" name="testcase2" finished-at="2024-02-28T11:03:02 IST" depends-on-methods="TestNG.DependOnMethodEg.testcase1" duration-ms="0" status="PASS">
          <reporter-output>
          </reporter-output>
        </test-method> <!-- testcase2 -->
        <test-method signature="testcase3()[pri:0, instance:TestNG.DependOnMethodEg@649bec2e]" started-at="2024-02-28T11:03:02 IST" name="testcase3" finished-at="2024-02-28T11:03:02 IST" duration-ms="0" status="PASS">
          <reporter-output>
          </reporter-output>
        </test-method> <!-- testcase3 -->
      </class> <!-- TestNG.DependOnMethodEg -->
      <class name="TestNG.EnableFalse">
        <test-method signature="testcase2()[pri:0, instance:TestNG.EnableFalse@693fe6c9]" started-at="2024-02-28T11:03:02 IST" name="testcase2" finished-at="2024-02-28T11:03:02 IST" duration-ms="1" status="PASS">
          <reporter-output>
          </reporter-output>
        </test-method> <!-- testcase2 -->
        <test-method signature="testcase3()[pri:0, instance:TestNG.EnableFalse@693fe6c9]" started-at="2024-02-28T11:03:02 IST" name="testcase3" finished-at="2024-02-28T11:03:02 IST" duration-ms="1" status="PASS">
          <reporter-output>
          </reporter-output>
        </test-method> <!-- testcase3 -->
      </class> <!-- TestNG.EnableFalse -->
    </test> <!-- Test -->
  </suite> <!-- Suite -->
</testng-results>
