<?xml version="1.0" encoding="UTF-8"?>
<testng-results ignored="1" total="3" passed="2" failed="0" skipped="0">
  <reporter-output>
  </reporter-output>
  <suite started-at="2024-02-27T12:47:59 IST" name="Default suite" finished-at="2024-02-27T12:47:59 IST" duration-ms="65">
    <groups>
    </groups>
    <test started-at="2024-02-27T12:47:59 IST" name="Default test" finished-at="2024-02-27T12:47:59 IST" duration-ms="65">
      <class name="TestNG.EnableFalse">
        <test-method signature="testcase2()[pri:0, instance:TestNG.EnableFalse@4803b726]" started-at="2024-02-27T12:47:59 IST" name="testcase2" finished-at="2024-02-27T12:47:59 IST" duration-ms="11" status="PASS">
          <reporter-output>
          </reporter-output>
        </test-method> <!-- testcase2 -->
        <test-method signature="testcase3()[pri:0, instance:TestNG.EnableFalse@4803b726]" started-at="2024-02-27T12:47:59 IST" name="testcase3" finished-at="2024-02-27T12:47:59 IST" duration-ms="1" status="PASS">
          <reporter-output>
          </reporter-output>
        </test-method> <!-- testcase3 -->
      </class> <!-- TestNG.EnableFalse -->
    </test> <!-- Default test -->
  </suite> <!-- Default suite -->
</testng-results>
